<?xml version="1.0" encoding="UTF-8"?>
<!-- Generated by org.testng.reporters.JUnitXMLReporter -->
<testsuite hostname="MSI" failures="2" tests="10" name="My Demo Test" time="0.044" errors="0" timestamp="8 Sep 2021 09:18:09 GMT">
  <testcase classname="com.test.DemoTest" name="Ndiv" time="0.015">
    <failure type="java.lang.AssertionError" message="expected [0] but found [2]">
      <![CDATA[java.lang.AssertionError: expected [0] but found [2]
	at com.test.DemoTest.Ndiv(DemoTest.java:67)
	at org.apache.maven.surefire.testng.TestNGExecutor.run(TestNGExecutor.java:283)
	at org.apache.maven.surefire.testng.TestNGXmlTestSuite.execute(TestNGXmlTestSuite.java:75)
	at org.apache.maven.surefire.testng.TestNGProvider.invoke(TestNGProvider.java:120)
	at org.apache.maven.surefire.booter.ForkedBooter.invokeProviderInSameClassLoader(ForkedBooter.java:384)
	at org.apache.maven.surefire.booter.ForkedBooter.runSuitesInProcess(ForkedBooter.java:345)
	at org.apache.maven.surefire.booter.ForkedBooter.execute(ForkedBooter.java:126)
	at org.apache.maven.surefire.booter.ForkedBooter.main(ForkedBooter.java:418)
... Removed 26 stack frames]]>
    </failure>
  </testcase> <!-- Ndiv -->
  <testcase classname="com.test.DemoTest" name="Nsum" time="0.001">
    <failure type="java.lang.AssertionError" message="expected [10] but found [30]">
      <![CDATA[java.lang.AssertionError: expected [10] but found [30]
	at com.test.DemoTest.Nsum(DemoTest.java:57)
	at org.apache.maven.surefire.testng.TestNGExecutor.run(TestNGExecutor.java:283)
	at org.apache.maven.surefire.testng.TestNGXmlTestSuite.execute(TestNGXmlTestSuite.java:75)
	at org.apache.maven.surefire.testng.TestNGProvider.invoke(TestNGProvider.java:120)
	at org.apache.maven.surefire.booter.ForkedBooter.invokeProviderInSameClassLoader(ForkedBooter.java:384)
	at org.apache.maven.surefire.booter.ForkedBooter.runSuitesInProcess(ForkedBooter.java:345)
	at org.apache.maven.surefire.booter.ForkedBooter.execute(ForkedBooter.java:126)
	at org.apache.maven.surefire.booter.ForkedBooter.main(ForkedBooter.java:418)
... Removed 26 stack frames]]>
    </failure>
  </testcase> <!-- Nsum -->
  <testcase classname="com.test.DemoTest" name="div" time="0.0"/>
  <testcase classname="com.test.DemoTest" name="mult" time="0.001"/>
  <testcase classname="com.test.DemoTest" name="sub" time="0.0"/>
  <testcase classname="com.test.DemoTest" name="sum" time="0.0"/>
  <testcase classname="com.test.DemoTest1" name="div" time="0.0"/>
  <testcase classname="com.test.DemoTest1" name="mult" time="0.001"/>
  <testcase classname="com.test.DemoTest1" name="sub" time="0.0"/>
  <testcase classname="com.test.DemoTest1" name="sum" time="0.0"/>
</testsuite> <!-- My Demo Test -->
